Performing C SOURCE FILE Test CMAKE_HAVE_LIBC_PTHREAD failed with the following output:
Change Dir: /home/bdk/Software/geant4/projects/RetrievePlotter/CMakeFiles/CMakeTmp

Run Build Command(s):/usr/bin/gmake -f Makefile cmTC_47dd3/fast && /usr/bin/gmake  -f CMakeFiles/cmTC_47dd3.dir/build.make CMakeFiles/cmTC_47dd3.dir/build
gmake[1]: Entering directory '/home/bdk/Software/geant4/projects/RetrievePlotter/CMakeFiles/CMakeTmp'
Building C object CMakeFiles/cmTC_47dd3.dir/src.c.o
/usr/bin/cc -DCMAKE_HAVE_LIBC_PTHREAD   -o CMakeFiles/cmTC_47dd3.dir/src.c.o -c /home/bdk/Software/geant4/projects/RetrievePlotter/CMakeFiles/CMakeTmp/src.c
Linking C executable cmTC_47dd3
/home/bdk/.local/lib/python3.9/site-packages/cmake/data/bin/cmake -E cmake_link_script CMakeFiles/cmTC_47dd3.dir/link.txt --verbose=1
/usr/bin/cc CMakeFiles/cmTC_47dd3.dir/src.c.o -o cmTC_47dd3 
CMakeFiles/cmTC_47dd3.dir/src.c.o: In function `main':
src.c:(.text+0x3e): undefined reference to `pthread_create'
src.c:(.text+0x4a): undefined reference to `pthread_detach'
src.c:(.text+0x56): undefined reference to `pthread_cancel'
src.c:(.text+0x67): undefined reference to `pthread_join'
src.c:(.text+0x7b): undefined reference to `pthread_atfork'
collect2: error: ld returned 1 exit status
CMakeFiles/cmTC_47dd3.dir/build.make:98: recipe for target 'cmTC_47dd3' failed
gmake[1]: *** [cmTC_47dd3] Error 1
gmake[1]: Leaving directory '/home/bdk/Software/geant4/projects/RetrievePlotter/CMakeFiles/CMakeTmp'
Makefile:127: recipe for target 'cmTC_47dd3/fast' failed
gmake: *** [cmTC_47dd3/fast] Error 2


Source file was:
#include <pthread.h>

static void* test_func(void* data)
{
  return data;
}

int main(void)
{
  pthread_t thread;
  pthread_create(&thread, NULL, test_func, NULL);
  pthread_detach(thread);
  pthread_cancel(thread);
  pthread_join(thread, NULL);
  pthread_atfork(NULL, NULL, NULL);
  pthread_exit(NULL);

  return 0;
}

Performing C SOURCE FILE Test CMAKE_HAVE_LIBC_PTHREAD failed with the following output:
Change Dir: /home/bdk/Software/pyENDF6-master/RetrievePlotter/CMakeFiles/CMakeTmp

Run Build Command(s):/usr/bin/gmake -f Makefile cmTC_8b12d/fast && /usr/bin/gmake  -f CMakeFiles/cmTC_8b12d.dir/build.make CMakeFiles/cmTC_8b12d.dir/build
gmake[1]: Entering directory '/home/bdk/Software/pyENDF6-master/RetrievePlotter/CMakeFiles/CMakeTmp'
Building C object CMakeFiles/cmTC_8b12d.dir/src.c.o
/usr/bin/cc -DCMAKE_HAVE_LIBC_PTHREAD   -o CMakeFiles/cmTC_8b12d.dir/src.c.o -c /home/bdk/Software/pyENDF6-master/RetrievePlotter/CMakeFiles/CMakeTmp/src.c
Linking C executable cmTC_8b12d
/home/bdk/.local/lib/python3.9/site-packages/cmake/data/bin/cmake -E cmake_link_script CMakeFiles/cmTC_8b12d.dir/link.txt --verbose=1
/usr/bin/cc CMakeFiles/cmTC_8b12d.dir/src.c.o -o cmTC_8b12d 
CMakeFiles/cmTC_8b12d.dir/src.c.o: In function `main':
src.c:(.text+0x3e): undefined reference to `pthread_create'
src.c:(.text+0x4a): undefined reference to `pthread_detach'
src.c:(.text+0x56): undefined reference to `pthread_cancel'
src.c:(.text+0x67): undefined reference to `pthread_join'
src.c:(.text+0x7b): undefined reference to `pthread_atfork'
collect2: error: ld returned 1 exit status
CMakeFiles/cmTC_8b12d.dir/build.make:98: recipe for target 'cmTC_8b12d' failed
gmake[1]: *** [cmTC_8b12d] Error 1
gmake[1]: Leaving directory '/home/bdk/Software/pyENDF6-master/RetrievePlotter/CMakeFiles/CMakeTmp'
Makefile:127: recipe for target 'cmTC_8b12d/fast' failed
gmake: *** [cmTC_8b12d/fast] Error 2


Source file was:
#include <pthread.h>

static void* test_func(void* data)
{
  return data;
}

int main(void)
{
  pthread_t thread;
  pthread_create(&thread, NULL, test_func, NULL);
  pthread_detach(thread);
  pthread_cancel(thread);
  pthread_join(thread, NULL);
  pthread_atfork(NULL, NULL, NULL);
  pthread_exit(NULL);

  return 0;
}

